<?xml version="1.0" encoding="UTF-8"?>
<!-- Generated by org.testng.reporters.JUnitReportReporter -->
<testsuite hostname="DESKTOP-TDDQJB9" failures="0" tests="2" name="GenericUtility.ActitimeLogin" time="21.371" errors="0" timestamp="2023-04-01T12:02:41 IST" skipped="0">
  <testcase classname="GenericUtility.ActitimeLogin" name="login" time="11.565"/>
  <system-out/>
  <testcase classname="GenericUtility.ActitimeLogin" name="login" time="9.806"/>
  <system-out/>
</testsuite> <!-- GenericUtility.ActitimeLogin -->
