<?xml version="1.0" encoding="UTF-8"?>
<!-- Generated by org.testng.reporters.JUnitReportReporter -->
<testsuite hostname="DESKTOP-TDDQJB9" failures="0" tests="1" name="GenericUtility.ClickOnFriendsTest" time="8.165" errors="0" timestamp="2023-04-26T11:52:33 IST" skipped="0">
  <testcase classname="GenericUtility.ClickOnFriendsTest" name="Friends" time="8.165"/>
  <system-out>
    <![CDATA[Click on Friends Successfully..!!!]]>
  </system-out>
</testsuite> <!-- GenericUtility.ClickOnFriendsTest -->
