<?xml version="1.0" encoding="UTF-8"?>
<!-- Generated by org.testng.reporters.JUnitReportReporter -->
<testsuite hostname="DESKTOP-TDDQJB9" failures="0" tests="2" name="GenericUtility.ActitimeLogin" time="45.791" errors="0" timestamp="2023-04-20T13:11:16 IST" skipped="0">
  <testcase classname="GenericUtility.ActitimeLogin" name="login" time="29.117"/>
  <system-out/>
  <testcase classname="GenericUtility.ActitimeLogin" name="login" time="16.674"/>
  <system-out/>
</testsuite> <!-- GenericUtility.ActitimeLogin -->
