<?xml version="1.0" encoding="UTF-8"?>
<!-- Generated by org.testng.reporters.JUnitReportReporter -->
<testsuite hostname="DESKTOP-TDDQJB9" failures="0" tests="1" name="GenericUtility.WindowSwitching" time="6.042" errors="0" timestamp="2023-04-10T14:24:17 IST" skipped="0">
  <testcase classname="GenericUtility.WindowSwitching" name="Switch" time="6.042"/>
  <system-out/>
</testsuite> <!-- GenericUtility.WindowSwitching -->
