<?xml version="1.0" encoding="UTF-8"?>
<!-- Generated by org.testng.reporters.JUnitReportReporter -->
<testsuite hostname="DESKTOP-TDDQJB9" failures="0" tests="1" name="UtilityPackage.demo1" time="9.740" errors="0" timestamp="2023-04-25T12:44:56 IST" skipped="0">
  <testcase classname="UtilityPackage.demo1" name="demo2" time="9.740"/>
  <system-out/>
</testsuite> <!-- UtilityPackage.demo1 -->
