<?xml version="1.0" encoding="UTF-8"?>
<!-- Generated by org.testng.reporters.JUnitReportReporter -->
<testsuite hostname="DESKTOP-TDDQJB9" failures="0" tests="1" name="GenericUtility.JDBC_Connection" time="0.512" errors="0" timestamp="2023-04-25T09:59:22 IST" skipped="0">
  <testcase classname="GenericUtility.JDBC_Connection" name="connection" time="0.512"/>
  <system-out/>
</testsuite> <!-- GenericUtility.JDBC_Connection -->
