<?xml version="1.0" encoding="UTF-8"?>
<!-- Generated by org.testng.reporters.JUnitReportReporter -->
<testsuite hostname="DESKTOP-TDDQJB9" failures="0" tests="1" name="GenericUtility.ClickOnReelsTest" time="22.278" errors="0" timestamp="2023-04-24T10:22:02 IST" skipped="0">
  <testcase classname="GenericUtility.ClickOnReelsTest" name="Reels" time="22.278"/>
  <system-out>
    <![CDATA[Click on Reels Successfully..!!!]]>
  </system-out>
</testsuite> <!-- GenericUtility.ClickOnReelsTest -->
