<?xml version="1.0" encoding="UTF-8"?>
<!-- Generated by org.testng.reporters.JUnitReportReporter -->
<testsuite hostname="DESKTOP-TDDQJB9" failures="0" tests="1" name="GenericUtility.ClickOnReelsTest" time="10.236" errors="0" timestamp="2023-04-25T11:45:15 IST" skipped="0">
  <testcase classname="GenericUtility.ClickOnReelsTest" name="Reels" time="10.236"/>
  <system-out>
    <![CDATA[Click on Reels Successfully..!!!]]>
  </system-out>
</testsuite> <!-- GenericUtility.ClickOnReelsTest -->
